
DEBUG Error at creating Employee Tue May 03 14:16:42 CDT 2022
INFO Hello Tue May 03 14:16:55 CDT 2022
DEBUG Wassup Tue May 03 14:16:55 CDT 2022
ERROR Konnichiwa Tue May 03 14:16:55 CDT 2022
WARN Ciao Tue May 03 14:16:55 CDT 2022
DEBUG Error at creating Expense Tue May 03 14:17:42 CDT 2022
DEBUG Error at creating Expense Tue May 03 14:17:43 CDT 2022
DEBUG Error at creating Expense Tue May 03 14:17:43 CDT 2022
DEBUG Error at creating Expense Tue May 03 14:17:44 CDT 2022
DEBUG Error at creating Expense Tue May 03 14:17:45 CDT 2022
DEBUG Error at creating Expense Tue May 03 14:17:46 CDT 2022
INFO Hello Tue May 03 14:17:47 CDT 2022
DEBUG Wassup Tue May 03 14:17:47 CDT 2022
ERROR Konnichiwa Tue May 03 14:17:47 CDT 2022
WARN Ciao Tue May 03 14:17:47 CDT 2022
INFO Hello Tue May 03 14:18:49 CDT 2022
DEBUG Wassup Tue May 03 14:18:49 CDT 2022
ERROR Konnichiwa Tue May 03 14:18:49 CDT 2022
WARN Ciao Tue May 03 14:18:49 CDT 2022
INFO Hello Tue May 03 14:22:28 CDT 2022
DEBUG Wassup Tue May 03 14:22:28 CDT 2022
ERROR Konnichiwa Tue May 03 14:22:28 CDT 2022
WARN Ciao Tue May 03 14:22:28 CDT 2022
INFO Hello Tue May 03 14:26:56 CDT 2022
DEBUG Wassup Tue May 03 14:26:56 CDT 2022
INFO Hello Tue May 03 14:30:54 CDT 2022
DEBUG Wassup Tue May 03 14:30:54 CDT 2022
